2022-03-12 13:57:43.381|[main]|DEBUG|com.torch.app.AppApplication-Running with Spring Boot v2.5.5, Spring v5.3.10
2022-03-12 13:59:47.799|[http-nio-0.0.0.0-8002-exec-8]|DEBUG|c.t.a.m.A.selectChild-==>  Preparing: select *from activity_child where activity_id = ?;
2022-03-12 13:59:47.821|[http-nio-0.0.0.0-8002-exec-8]|DEBUG|c.t.a.m.A.selectChild-==> Parameters: 11(Integer)
2022-03-12 13:59:47.882|[http-nio-0.0.0.0-8002-exec-8]|DEBUG|c.t.a.m.A.selectChild-<==      Total: 3
2022-03-12 13:59:47.936|[http-nio-0.0.0.0-8002-exec-8]|DEBUG|c.t.a.m.A.selectList-==>  Preparing: SELECT id,start_time,end_time,address,recruiting,recruited,act_chi_id,act_id,vol_time FROM activity_times WHERE (act_chi_id = ? AND act_id = ?)
2022-03-12 13:59:47.936|[http-nio-0.0.0.0-8002-exec-8]|DEBUG|c.t.a.m.A.selectList-==> Parameters: 10(Integer), 11(Integer)
2022-03-12 13:59:47.978|[http-nio-0.0.0.0-8002-exec-8]|DEBUG|c.t.a.m.A.selectList-<==      Total: 2
2022-03-12 13:59:47.980|[http-nio-0.0.0.0-8002-exec-8]|DEBUG|c.t.a.m.A.selectList-==>  Preparing: SELECT id,start_time,end_time,address,recruiting,recruited,act_chi_id,act_id,vol_time FROM activity_times WHERE (act_chi_id = ? AND act_id = ?)
2022-03-12 13:59:47.981|[http-nio-0.0.0.0-8002-exec-8]|DEBUG|c.t.a.m.A.selectList-==> Parameters: 11(Integer), 11(Integer)
2022-03-12 13:59:48.021|[http-nio-0.0.0.0-8002-exec-8]|DEBUG|c.t.a.m.A.selectList-<==      Total: 2
2022-03-12 13:59:48.023|[http-nio-0.0.0.0-8002-exec-8]|DEBUG|c.t.a.m.A.selectList-==>  Preparing: SELECT id,start_time,end_time,address,recruiting,recruited,act_chi_id,act_id,vol_time FROM activity_times WHERE (act_chi_id = ? AND act_id = ?)
2022-03-12 13:59:48.023|[http-nio-0.0.0.0-8002-exec-8]|DEBUG|c.t.a.m.A.selectList-==> Parameters: 12(Integer), 11(Integer)
2022-03-12 13:59:48.578|[http-nio-0.0.0.0-8002-exec-8]|DEBUG|c.t.a.m.A.selectList-<==      Total: 1
2022-03-12 14:00:21.812|[main]|DEBUG|com.torch.app.AppApplication-Running with Spring Boot v2.5.5, Spring v5.3.10
2022-03-12 14:04:41.821|[main]|DEBUG|com.torch.app.AppApplication-Running with Spring Boot v2.5.5, Spring v5.3.10
2022-03-12 14:07:01.154|[main]|DEBUG|com.torch.app.AppApplication-Running with Spring Boot v2.5.5, Spring v5.3.10
2022-03-12 14:07:13.138|[http-nio-0.0.0.0-8002-exec-1]|DEBUG|c.t.a.m.A.selectChild-==>  Preparing: select *from activity_child where activity_id = ?;
2022-03-12 14:07:13.158|[http-nio-0.0.0.0-8002-exec-1]|DEBUG|c.t.a.m.A.selectChild-==> Parameters: 11(Integer)
2022-03-12 14:07:13.251|[http-nio-0.0.0.0-8002-exec-1]|DEBUG|c.t.a.m.A.selectChild-<==      Total: 3
2022-03-12 14:07:13.303|[http-nio-0.0.0.0-8002-exec-1]|DEBUG|c.t.a.m.A.selectList-==>  Preparing: SELECT id,start_time,end_time,address,recruiting,recruited,act_chi_id,act_id,vol_time FROM activity_times WHERE (act_chi_id = ? AND act_id = ?)
2022-03-12 14:07:13.304|[http-nio-0.0.0.0-8002-exec-1]|DEBUG|c.t.a.m.A.selectList-==> Parameters: 10(Integer), 11(Integer)
2022-03-12 14:07:13.346|[http-nio-0.0.0.0-8002-exec-1]|DEBUG|c.t.a.m.A.selectList-<==      Total: 2
2022-03-12 14:07:13.348|[http-nio-0.0.0.0-8002-exec-1]|DEBUG|c.t.a.m.A.selectList-==>  Preparing: SELECT id,start_time,end_time,address,recruiting,recruited,act_chi_id,act_id,vol_time FROM activity_times WHERE (act_chi_id = ? AND act_id = ?)
2022-03-12 14:07:13.348|[http-nio-0.0.0.0-8002-exec-1]|DEBUG|c.t.a.m.A.selectList-==> Parameters: 11(Integer), 11(Integer)
2022-03-12 14:07:13.390|[http-nio-0.0.0.0-8002-exec-1]|DEBUG|c.t.a.m.A.selectList-<==      Total: 2
2022-03-12 14:07:13.391|[http-nio-0.0.0.0-8002-exec-1]|DEBUG|c.t.a.m.A.selectList-==>  Preparing: SELECT id,start_time,end_time,address,recruiting,recruited,act_chi_id,act_id,vol_time FROM activity_times WHERE (act_chi_id = ? AND act_id = ?)
2022-03-12 14:07:13.392|[http-nio-0.0.0.0-8002-exec-1]|DEBUG|c.t.a.m.A.selectList-==> Parameters: 12(Integer), 11(Integer)
2022-03-12 14:07:13.431|[http-nio-0.0.0.0-8002-exec-1]|DEBUG|c.t.a.m.A.selectList-<==      Total: 1
2022-03-12 14:18:55.651|[main]|DEBUG|com.torch.app.AppApplication-Running with Spring Boot v2.5.5, Spring v5.3.10
2022-03-12 14:20:01.566|[http-nio-0.0.0.0-8002-exec-1]|DEBUG|c.t.a.m.A.selectChild-==>  Preparing: select *from activity_child where activity_id = ?;
2022-03-12 14:20:01.587|[http-nio-0.0.0.0-8002-exec-1]|DEBUG|c.t.a.m.A.selectChild-==> Parameters: 11(Integer)
2022-03-12 14:20:01.646|[http-nio-0.0.0.0-8002-exec-1]|DEBUG|c.t.a.m.A.selectChild-<==      Total: 3
2022-03-12 14:20:01.697|[http-nio-0.0.0.0-8002-exec-1]|DEBUG|c.t.a.m.A.selectList-==>  Preparing: SELECT id,start_time,end_time,address,recruiting,recruited,act_chi_id,act_id,vol_time FROM activity_times WHERE (act_chi_id = ? AND act_id = ?)
2022-03-12 14:20:01.698|[http-nio-0.0.0.0-8002-exec-1]|DEBUG|c.t.a.m.A.selectList-==> Parameters: 10(Integer), 11(Integer)
2022-03-12 14:20:01.745|[http-nio-0.0.0.0-8002-exec-1]|DEBUG|c.t.a.m.A.selectList-<==      Total: 2
2022-03-12 14:20:01.747|[http-nio-0.0.0.0-8002-exec-1]|DEBUG|c.t.a.m.A.selectList-==>  Preparing: SELECT id,start_time,end_time,address,recruiting,recruited,act_chi_id,act_id,vol_time FROM activity_times WHERE (act_chi_id = ? AND act_id = ?)
2022-03-12 14:20:01.747|[http-nio-0.0.0.0-8002-exec-1]|DEBUG|c.t.a.m.A.selectList-==> Parameters: 11(Integer), 11(Integer)
2022-03-12 14:20:01.794|[http-nio-0.0.0.0-8002-exec-1]|DEBUG|c.t.a.m.A.selectList-<==      Total: 2
2022-03-12 14:20:01.798|[http-nio-0.0.0.0-8002-exec-1]|DEBUG|c.t.a.m.A.selectList-==>  Preparing: SELECT id,start_time,end_time,address,recruiting,recruited,act_chi_id,act_id,vol_time FROM activity_times WHERE (act_chi_id = ? AND act_id = ?)
2022-03-12 14:20:01.801|[http-nio-0.0.0.0-8002-exec-1]|DEBUG|c.t.a.m.A.selectList-==> Parameters: 12(Integer), 11(Integer)
2022-03-12 14:20:01.842|[http-nio-0.0.0.0-8002-exec-1]|DEBUG|c.t.a.m.A.selectList-<==      Total: 1
2022-03-12 15:26:26.311|[main]|DEBUG|com.torch.app.AppApplication-Running with Spring Boot v2.5.5, Spring v5.3.10
2022-03-12 15:30:31.168|[main]|DEBUG|com.torch.app.AppApplication-Running with Spring Boot v2.5.5, Spring v5.3.10
2022-03-12 15:33:34.707|[main]|DEBUG|com.torch.app.AppApplication-Running with Spring Boot v2.5.5, Spring v5.3.10
2022-03-12 15:34:59.528|[main]|DEBUG|com.torch.app.AppApplication-Running with Spring Boot v2.5.5, Spring v5.3.10
2022-03-12 15:35:25.468|[main]|DEBUG|com.torch.app.AppApplication-Running with Spring Boot v2.5.5, Spring v5.3.10
2022-03-12 15:37:12.217|[main]|DEBUG|com.torch.app.AppApplication-Running with Spring Boot v2.5.5, Spring v5.3.10
2022-03-12 15:42:42.492|[main]|DEBUG|com.torch.app.AppApplication-Running with Spring Boot v2.5.5, Spring v5.3.10
2022-03-12 15:43:00.656|[scheduling-1]|DEBUG|c.t.a.m.UserMapper.selectList-==>  Preparing: SELECT id,name,phone,qq,email,school,grade,is_active,level,account,password,vol_account,openid,nick_name,avatar_image,sex,self_intro,total_time FROM user ORDER BY id DESC
2022-03-12 15:43:00.677|[scheduling-1]|DEBUG|c.t.a.m.UserMapper.selectList-==> Parameters: 
2022-03-12 15:43:00.737|[scheduling-1]|DEBUG|c.t.a.m.UserMapper.selectList-<==      Total: 2
2022-03-12 15:49:54.483|[main]|DEBUG|com.torch.app.AppApplication-Running with Spring Boot v2.5.5, Spring v5.3.10
2022-03-12 15:50:18.433|[main]|DEBUG|com.torch.app.AppApplication-Running with Spring Boot v2.5.5, Spring v5.3.10
2022-03-12 15:50:30.740|[scheduling-1]|DEBUG|c.t.a.m.UserMapper.selectList-==>  Preparing: SELECT id,name,phone,qq,email,school,grade,is_active,level,account,password,vol_account,openid,nick_name,avatar_image,sex,self_intro,total_time FROM user ORDER BY id DESC
2022-03-12 15:50:30.759|[scheduling-1]|DEBUG|c.t.a.m.UserMapper.selectList-==> Parameters: 
2022-03-12 15:50:30.814|[scheduling-1]|DEBUG|c.t.a.m.UserMapper.selectList-<==      Total: 2
2022-03-12 18:20:31.604|[main]|DEBUG|com.torch.app.AppApplication-Running with Spring Boot v2.5.5, Spring v5.3.10
2022-03-12 18:21:30.681|[scheduling-1]|DEBUG|c.t.a.m.A.selectList-==>  Preparing: SELECT id,identifier,is_pass,creater_id,create_time,pass_time,organizer,headcount,remarks,total_number,attention,act_image,qq_number,name,address,deadline,content,vol_time_desc,vol_time_period,organizer_contact FROM activity ORDER BY id DESC
2022-03-12 18:21:30.699|[scheduling-1]|DEBUG|c.t.a.m.A.selectList-==> Parameters: 
2022-03-12 18:21:38.855|[scheduling-1]|DEBUG|c.t.a.m.A.selectList-<==      Total: 29
2022-03-12 18:21:38.864|[scheduling-1]|DEBUG|c.t.a.m.A.selectChild-==>  Preparing: select *from activity_child where activity_id = ?;
2022-03-12 18:21:38.864|[scheduling-1]|DEBUG|c.t.a.m.A.selectChild-==> Parameters: 45(Integer)
2022-03-12 18:21:38.908|[scheduling-1]|DEBUG|c.t.a.m.A.selectChild-<==      Total: 0
2022-03-12 18:21:38.915|[scheduling-1]|DEBUG|c.t.a.m.A.selectChild-==>  Preparing: select *from activity_child where activity_id = ?;
2022-03-12 18:21:38.915|[scheduling-1]|DEBUG|c.t.a.m.A.selectChild-==> Parameters: 44(Integer)
2022-03-12 18:21:38.955|[scheduling-1]|DEBUG|c.t.a.m.A.selectChild-<==      Total: 0
2022-03-12 18:21:38.957|[scheduling-1]|DEBUG|c.t.a.m.A.selectChild-==>  Preparing: select *from activity_child where activity_id = ?;
2022-03-12 18:21:38.958|[scheduling-1]|DEBUG|c.t.a.m.A.selectChild-==> Parameters: 42(Integer)
2022-03-12 18:21:39.000|[scheduling-1]|DEBUG|c.t.a.m.A.selectChild-<==      Total: 1
2022-03-12 18:21:39.009|[scheduling-1]|DEBUG|c.t.a.m.A.selectList-==>  Preparing: SELECT id,start_time,end_time,address,recruiting,recruited,act_chi_id,act_id,vol_time FROM activity_times WHERE (act_chi_id = ? AND act_id = ?)
2022-03-12 18:21:39.009|[scheduling-1]|DEBUG|c.t.a.m.A.selectList-==> Parameters: 46(Integer), 42(Integer)
2022-03-12 18:21:39.049|[scheduling-1]|DEBUG|c.t.a.m.A.selectList-<==      Total: 1
2022-03-12 18:28:17.362|[main]|DEBUG|com.torch.app.AppApplication-Running with Spring Boot v2.5.5, Spring v5.3.10
2022-03-12 18:29:30.523|[scheduling-1]|DEBUG|c.t.a.m.A.selectList-==>  Preparing: SELECT id,identifier,is_pass,creater_id,create_time,pass_time,organizer,headcount,remarks,total_number,attention,act_image,qq_number,name,address,deadline,content,vol_time_desc,vol_time_period,organizer_contact FROM activity ORDER BY id DESC
2022-03-12 18:29:30.541|[scheduling-1]|DEBUG|c.t.a.m.A.selectList-==> Parameters: 
2022-03-12 18:29:38.207|[scheduling-1]|DEBUG|c.t.a.m.A.selectList-<==      Total: 29
2022-03-12 18:29:38.215|[scheduling-1]|DEBUG|c.t.a.m.A.selectChild-==>  Preparing: select *from activity_child where activity_id = ?;
2022-03-12 18:29:38.216|[scheduling-1]|DEBUG|c.t.a.m.A.selectChild-==> Parameters: 45(Integer)
2022-03-12 18:29:38.253|[scheduling-1]|DEBUG|c.t.a.m.A.selectChild-<==      Total: 0
2022-03-12 18:29:38.261|[scheduling-1]|DEBUG|c.t.a.m.A.selectChild-==>  Preparing: select *from activity_child where activity_id = ?;
2022-03-12 18:29:38.261|[scheduling-1]|DEBUG|c.t.a.m.A.selectChild-==> Parameters: 44(Integer)
2022-03-12 18:29:38.298|[scheduling-1]|DEBUG|c.t.a.m.A.selectChild-<==      Total: 0
2022-03-12 18:29:38.301|[scheduling-1]|DEBUG|c.t.a.m.A.selectChild-==>  Preparing: select *from activity_child where activity_id = ?;
2022-03-12 18:29:38.301|[scheduling-1]|DEBUG|c.t.a.m.A.selectChild-==> Parameters: 42(Integer)
2022-03-12 18:29:38.359|[scheduling-1]|DEBUG|c.t.a.m.A.selectChild-<==      Total: 1
2022-03-12 18:29:38.369|[scheduling-1]|DEBUG|c.t.a.m.A.selectList-==>  Preparing: SELECT id,start_time,end_time,address,recruiting,recruited,act_chi_id,act_id,vol_time FROM activity_times WHERE (act_chi_id = ? AND act_id = ?)
2022-03-12 18:29:38.369|[scheduling-1]|DEBUG|c.t.a.m.A.selectList-==> Parameters: 46(Integer), 42(Integer)
2022-03-12 18:29:38.465|[scheduling-1]|DEBUG|c.t.a.m.A.selectList-<==      Total: 1
2022-03-12 18:29:38.473|[scheduling-1]|DEBUG|c.t.a.m.A.selectChild-==>  Preparing: select *from activity_child where activity_id = ?;
2022-03-12 18:29:38.474|[scheduling-1]|DEBUG|c.t.a.m.A.selectChild-==> Parameters: 41(Integer)
2022-03-12 18:29:38.511|[scheduling-1]|DEBUG|c.t.a.m.A.selectChild-<==      Total: 1
2022-03-12 18:29:38.513|[scheduling-1]|DEBUG|c.t.a.m.A.selectList-==>  Preparing: SELECT id,start_time,end_time,address,recruiting,recruited,act_chi_id,act_id,vol_time FROM activity_times WHERE (act_chi_id = ? AND act_id = ?)
2022-03-12 18:29:38.513|[scheduling-1]|DEBUG|c.t.a.m.A.selectList-==> Parameters: 45(Integer), 41(Integer)
2022-03-12 18:29:38.801|[scheduling-1]|DEBUG|c.t.a.m.A.selectList-<==      Total: 1
2022-03-12 18:29:38.804|[scheduling-1]|DEBUG|c.t.a.m.A.selectChild-==>  Preparing: select *from activity_child where activity_id = ?;
2022-03-12 18:29:38.805|[scheduling-1]|DEBUG|c.t.a.m.A.selectChild-==> Parameters: 40(Integer)
2022-03-12 18:29:38.849|[scheduling-1]|DEBUG|c.t.a.m.A.selectChild-<==      Total: 1
2022-03-12 18:29:38.851|[scheduling-1]|DEBUG|c.t.a.m.A.selectList-==>  Preparing: SELECT id,start_time,end_time,address,recruiting,recruited,act_chi_id,act_id,vol_time FROM activity_times WHERE (act_chi_id = ? AND act_id = ?)
2022-03-12 18:29:38.851|[scheduling-1]|DEBUG|c.t.a.m.A.selectList-==> Parameters: 44(Integer), 40(Integer)
2022-03-12 18:29:38.894|[scheduling-1]|DEBUG|c.t.a.m.A.selectList-<==      Total: 1
2022-03-12 18:29:38.897|[scheduling-1]|DEBUG|c.t.a.m.A.selectChild-==>  Preparing: select *from activity_child where activity_id = ?;
2022-03-12 18:29:38.898|[scheduling-1]|DEBUG|c.t.a.m.A.selectChild-==> Parameters: 39(Integer)
2022-03-12 18:29:38.934|[scheduling-1]|DEBUG|c.t.a.m.A.selectChild-<==      Total: 2
2022-03-12 18:29:38.935|[scheduling-1]|DEBUG|c.t.a.m.A.selectList-==>  Preparing: SELECT id,start_time,end_time,address,recruiting,recruited,act_chi_id,act_id,vol_time FROM activity_times WHERE (act_chi_id = ? AND act_id = ?)
2022-03-12 18:29:38.935|[scheduling-1]|DEBUG|c.t.a.m.A.selectList-==> Parameters: 42(Integer), 39(Integer)
2022-03-12 18:29:38.974|[scheduling-1]|DEBUG|c.t.a.m.A.selectList-<==      Total: 1
2022-03-12 18:29:38.975|[scheduling-1]|DEBUG|c.t.a.m.A.selectList-==>  Preparing: SELECT id,start_time,end_time,address,recruiting,recruited,act_chi_id,act_id,vol_time FROM activity_times WHERE (act_chi_id = ? AND act_id = ?)
2022-03-12 18:29:38.975|[scheduling-1]|DEBUG|c.t.a.m.A.selectList-==> Parameters: 43(Integer), 39(Integer)
2022-03-12 18:29:39.013|[scheduling-1]|DEBUG|c.t.a.m.A.selectList-<==      Total: 1
2022-03-12 18:29:39.016|[scheduling-1]|DEBUG|c.t.a.m.A.selectChild-==>  Preparing: select *from activity_child where activity_id = ?;
2022-03-12 18:29:39.017|[scheduling-1]|DEBUG|c.t.a.m.A.selectChild-==> Parameters: 38(Integer)
2022-03-12 18:29:39.053|[scheduling-1]|DEBUG|c.t.a.m.A.selectChild-<==      Total: 1
2022-03-12 18:29:39.054|[scheduling-1]|DEBUG|c.t.a.m.A.selectList-==>  Preparing: SELECT id,start_time,end_time,address,recruiting,recruited,act_chi_id,act_id,vol_time FROM activity_times WHERE (act_chi_id = ? AND act_id = ?)
2022-03-12 18:29:39.055|[scheduling-1]|DEBUG|c.t.a.m.A.selectList-==> Parameters: 41(Integer), 38(Integer)
2022-03-12 18:29:39.093|[scheduling-1]|DEBUG|c.t.a.m.A.selectList-<==      Total: 1
2022-03-12 18:29:39.096|[scheduling-1]|DEBUG|c.t.a.m.A.selectChild-==>  Preparing: select *from activity_child where activity_id = ?;
2022-03-12 18:29:39.096|[scheduling-1]|DEBUG|c.t.a.m.A.selectChild-==> Parameters: 37(Integer)
2022-03-12 18:29:39.135|[scheduling-1]|DEBUG|c.t.a.m.A.selectChild-<==      Total: 2
2022-03-12 18:29:39.137|[scheduling-1]|DEBUG|c.t.a.m.A.selectList-==>  Preparing: SELECT id,start_time,end_time,address,recruiting,recruited,act_chi_id,act_id,vol_time FROM activity_times WHERE (act_chi_id = ? AND act_id = ?)
2022-03-12 18:29:39.138|[scheduling-1]|DEBUG|c.t.a.m.A.selectList-==> Parameters: 39(Integer), 37(Integer)
2022-03-12 18:29:39.175|[scheduling-1]|DEBUG|c.t.a.m.A.selectList-<==      Total: 1
2022-03-12 18:29:39.177|[scheduling-1]|DEBUG|c.t.a.m.A.selectList-==>  Preparing: SELECT id,start_time,end_time,address,recruiting,recruited,act_chi_id,act_id,vol_time FROM activity_times WHERE (act_chi_id = ? AND act_id = ?)
2022-03-12 18:29:39.178|[scheduling-1]|DEBUG|c.t.a.m.A.selectList-==> Parameters: 40(Integer), 37(Integer)
2022-03-12 18:29:39.216|[scheduling-1]|DEBUG|c.t.a.m.A.selectList-<==      Total: 1
2022-03-12 18:29:39.219|[scheduling-1]|DEBUG|c.t.a.m.A.selectChild-==>  Preparing: select *from activity_child where activity_id = ?;
2022-03-12 18:29:39.219|[scheduling-1]|DEBUG|c.t.a.m.A.selectChild-==> Parameters: 36(Integer)
2022-03-12 18:29:39.258|[scheduling-1]|DEBUG|c.t.a.m.A.selectChild-<==      Total: 3
2022-03-12 18:29:39.260|[scheduling-1]|DEBUG|c.t.a.m.A.selectList-==>  Preparing: SELECT id,start_time,end_time,address,recruiting,recruited,act_chi_id,act_id,vol_time FROM activity_times WHERE (act_chi_id = ? AND act_id = ?)
2022-03-12 18:29:39.260|[scheduling-1]|DEBUG|c.t.a.m.A.selectList-==> Parameters: 36(Integer), 36(Integer)
2022-03-12 18:29:39.301|[scheduling-1]|DEBUG|c.t.a.m.A.selectList-<==      Total: 1
2022-03-12 18:29:39.302|[scheduling-1]|DEBUG|c.t.a.m.A.selectList-==>  Preparing: SELECT id,start_time,end_time,address,recruiting,recruited,act_chi_id,act_id,vol_time FROM activity_times WHERE (act_chi_id = ? AND act_id = ?)
2022-03-12 18:29:39.302|[scheduling-1]|DEBUG|c.t.a.m.A.selectList-==> Parameters: 37(Integer), 36(Integer)
2022-03-12 18:29:39.339|[scheduling-1]|DEBUG|c.t.a.m.A.selectList-<==      Total: 1
2022-03-12 18:29:39.341|[scheduling-1]|DEBUG|c.t.a.m.A.selectList-==>  Preparing: SELECT id,start_time,end_time,address,recruiting,recruited,act_chi_id,act_id,vol_time FROM activity_times WHERE (act_chi_id = ? AND act_id = ?)
2022-03-12 18:29:39.342|[scheduling-1]|DEBUG|c.t.a.m.A.selectList-==> Parameters: 38(Integer), 36(Integer)
2022-03-12 18:29:39.380|[scheduling-1]|DEBUG|c.t.a.m.A.selectList-<==      Total: 1
2022-03-12 18:29:39.382|[scheduling-1]|DEBUG|c.t.a.m.A.selectChild-==>  Preparing: select *from activity_child where activity_id = ?;
2022-03-12 18:29:39.383|[scheduling-1]|DEBUG|c.t.a.m.A.selectChild-==> Parameters: 35(Integer)
2022-03-12 18:29:39.419|[scheduling-1]|DEBUG|c.t.a.m.A.selectChild-<==      Total: 2
2022-03-12 18:29:39.421|[scheduling-1]|DEBUG|c.t.a.m.A.selectList-==>  Preparing: SELECT id,start_time,end_time,address,recruiting,recruited,act_chi_id,act_id,vol_time FROM activity_times WHERE (act_chi_id = ? AND act_id = ?)
2022-03-12 18:29:39.421|[scheduling-1]|DEBUG|c.t.a.m.A.selectList-==> Parameters: 34(Integer), 35(Integer)
2022-03-12 18:29:39.458|[scheduling-1]|DEBUG|c.t.a.m.A.selectList-<==      Total: 1
2022-03-12 18:29:39.459|[scheduling-1]|DEBUG|c.t.a.m.A.selectList-==>  Preparing: SELECT id,start_time,end_time,address,recruiting,recruited,act_chi_id,act_id,vol_time FROM activity_times WHERE (act_chi_id = ? AND act_id = ?)
2022-03-12 18:29:39.459|[scheduling-1]|DEBUG|c.t.a.m.A.selectList-==> Parameters: 35(Integer), 35(Integer)
2022-03-12 18:29:39.496|[scheduling-1]|DEBUG|c.t.a.m.A.selectList-<==      Total: 1
2022-03-12 18:29:39.501|[scheduling-1]|DEBUG|c.t.a.m.A.selectChild-==>  Preparing: select *from activity_child where activity_id = ?;
2022-03-12 18:29:39.501|[scheduling-1]|DEBUG|c.t.a.m.A.selectChild-==> Parameters: 34(Integer)
2022-03-12 18:29:39.542|[scheduling-1]|DEBUG|c.t.a.m.A.selectChild-<==      Total: 1
2022-03-12 18:29:39.544|[scheduling-1]|DEBUG|c.t.a.m.A.selectList-==>  Preparing: SELECT id,start_time,end_time,address,recruiting,recruited,act_chi_id,act_id,vol_time FROM activity_times WHERE (act_chi_id = ? AND act_id = ?)
2022-03-12 18:29:39.544|[scheduling-1]|DEBUG|c.t.a.m.A.selectList-==> Parameters: 33(Integer), 34(Integer)
2022-03-12 18:29:39.588|[scheduling-1]|DEBUG|c.t.a.m.A.selectList-<==      Total: 1
2022-03-12 18:29:39.596|[scheduling-1]|DEBUG|c.t.a.m.A.selectChild-==>  Preparing: select *from activity_child where activity_id = ?;
2022-03-12 18:29:39.596|[scheduling-1]|DEBUG|c.t.a.m.A.selectChild-==> Parameters: 33(Integer)
2022-03-12 18:29:39.635|[scheduling-1]|DEBUG|c.t.a.m.A.selectChild-<==      Total: 1
2022-03-12 18:29:39.637|[scheduling-1]|DEBUG|c.t.a.m.A.selectList-==>  Preparing: SELECT id,start_time,end_time,address,recruiting,recruited,act_chi_id,act_id,vol_time FROM activity_times WHERE (act_chi_id = ? AND act_id = ?)
2022-03-12 18:29:39.637|[scheduling-1]|DEBUG|c.t.a.m.A.selectList-==> Parameters: 32(Integer), 33(Integer)
2022-03-12 18:29:39.676|[scheduling-1]|DEBUG|c.t.a.m.A.selectList-<==      Total: 1
2022-03-12 18:29:39.679|[scheduling-1]|DEBUG|c.t.a.m.A.selectChild-==>  Preparing: select *from activity_child where activity_id = ?;
2022-03-12 18:29:39.679|[scheduling-1]|DEBUG|c.t.a.m.A.selectChild-==> Parameters: 28(Integer)
2022-03-12 18:29:39.719|[scheduling-1]|DEBUG|c.t.a.m.A.selectChild-<==      Total: 1
2022-03-12 18:29:39.721|[scheduling-1]|DEBUG|c.t.a.m.A.selectList-==>  Preparing: SELECT id,start_time,end_time,address,recruiting,recruited,act_chi_id,act_id,vol_time FROM activity_times WHERE (act_chi_id = ? AND act_id = ?)
2022-03-12 18:29:39.721|[scheduling-1]|DEBUG|c.t.a.m.A.selectList-==> Parameters: 27(Integer), 28(Integer)
2022-03-12 18:29:39.759|[scheduling-1]|DEBUG|c.t.a.m.A.selectList-<==      Total: 0
2022-03-12 18:29:39.761|[scheduling-1]|DEBUG|c.t.a.m.A.selectChild-==>  Preparing: select *from activity_child where activity_id = ?;
2022-03-12 18:29:39.761|[scheduling-1]|DEBUG|c.t.a.m.A.selectChild-==> Parameters: 26(Integer)
2022-03-12 18:29:39.800|[scheduling-1]|DEBUG|c.t.a.m.A.selectChild-<==      Total: 1
2022-03-12 18:29:39.801|[scheduling-1]|DEBUG|c.t.a.m.A.selectList-==>  Preparing: SELECT id,start_time,end_time,address,recruiting,recruited,act_chi_id,act_id,vol_time FROM activity_times WHERE (act_chi_id = ? AND act_id = ?)
2022-03-12 18:29:39.801|[scheduling-1]|DEBUG|c.t.a.m.A.selectList-==> Parameters: 25(Integer), 26(Integer)
2022-03-12 18:29:39.843|[scheduling-1]|DEBUG|c.t.a.m.A.selectList-<==      Total: 0
2022-03-12 18:29:39.845|[scheduling-1]|DEBUG|c.t.a.m.A.selectChild-==>  Preparing: select *from activity_child where activity_id = ?;
2022-03-12 18:29:39.845|[scheduling-1]|DEBUG|c.t.a.m.A.selectChild-==> Parameters: 25(Integer)
2022-03-12 18:29:39.881|[scheduling-1]|DEBUG|c.t.a.m.A.selectChild-<==      Total: 1
2022-03-12 18:29:39.883|[scheduling-1]|DEBUG|c.t.a.m.A.selectList-==>  Preparing: SELECT id,start_time,end_time,address,recruiting,recruited,act_chi_id,act_id,vol_time FROM activity_times WHERE (act_chi_id = ? AND act_id = ?)
2022-03-12 18:29:39.883|[scheduling-1]|DEBUG|c.t.a.m.A.selectList-==> Parameters: 24(Integer), 25(Integer)
2022-03-12 18:29:39.923|[scheduling-1]|DEBUG|c.t.a.m.A.selectList-<==      Total: 0
2022-03-12 18:29:39.925|[scheduling-1]|DEBUG|c.t.a.m.A.selectChild-==>  Preparing: select *from activity_child where activity_id = ?;
2022-03-12 18:29:39.926|[scheduling-1]|DEBUG|c.t.a.m.A.selectChild-==> Parameters: 24(Integer)
2022-03-12 18:29:39.971|[scheduling-1]|DEBUG|c.t.a.m.A.selectChild-<==      Total: 1
2022-03-12 18:29:39.972|[scheduling-1]|DEBUG|c.t.a.m.A.selectList-==>  Preparing: SELECT id,start_time,end_time,address,recruiting,recruited,act_chi_id,act_id,vol_time FROM activity_times WHERE (act_chi_id = ? AND act_id = ?)
2022-03-12 18:29:39.972|[scheduling-1]|DEBUG|c.t.a.m.A.selectList-==> Parameters: 23(Integer), 24(Integer)
2022-03-12 18:29:40.010|[scheduling-1]|DEBUG|c.t.a.m.A.selectList-<==      Total: 0
2022-03-12 18:29:40.012|[scheduling-1]|DEBUG|c.t.a.m.A.selectChild-==>  Preparing: select *from activity_child where activity_id = ?;
2022-03-12 18:29:40.013|[scheduling-1]|DEBUG|c.t.a.m.A.selectChild-==> Parameters: 23(Integer)
2022-03-12 18:29:40.050|[scheduling-1]|DEBUG|c.t.a.m.A.selectChild-<==      Total: 1
2022-03-12 18:29:40.051|[scheduling-1]|DEBUG|c.t.a.m.A.selectList-==>  Preparing: SELECT id,start_time,end_time,address,recruiting,recruited,act_chi_id,act_id,vol_time FROM activity_times WHERE (act_chi_id = ? AND act_id = ?)
2022-03-12 18:29:40.051|[scheduling-1]|DEBUG|c.t.a.m.A.selectList-==> Parameters: 22(Integer), 23(Integer)
2022-03-12 18:29:40.088|[scheduling-1]|DEBUG|c.t.a.m.A.selectList-<==      Total: 0
2022-03-12 18:29:40.090|[scheduling-1]|DEBUG|c.t.a.m.A.selectChild-==>  Preparing: select *from activity_child where activity_id = ?;
2022-03-12 18:29:40.090|[scheduling-1]|DEBUG|c.t.a.m.A.selectChild-==> Parameters: 22(Integer)
2022-03-12 18:29:40.138|[scheduling-1]|DEBUG|c.t.a.m.A.selectChild-<==      Total: 1
2022-03-12 18:29:40.139|[scheduling-1]|DEBUG|c.t.a.m.A.selectList-==>  Preparing: SELECT id,start_time,end_time,address,recruiting,recruited,act_chi_id,act_id,vol_time FROM activity_times WHERE (act_chi_id = ? AND act_id = ?)
2022-03-12 18:29:40.139|[scheduling-1]|DEBUG|c.t.a.m.A.selectList-==> Parameters: 21(Integer), 22(Integer)
2022-03-12 18:29:40.178|[scheduling-1]|DEBUG|c.t.a.m.A.selectList-<==      Total: 0
2022-03-12 18:29:40.181|[scheduling-1]|DEBUG|c.t.a.m.A.selectChild-==>  Preparing: select *from activity_child where activity_id = ?;
2022-03-12 18:29:40.181|[scheduling-1]|DEBUG|c.t.a.m.A.selectChild-==> Parameters: 21(Integer)
2022-03-12 18:29:40.219|[scheduling-1]|DEBUG|c.t.a.m.A.selectChild-<==      Total: 1
2022-03-12 18:29:40.220|[scheduling-1]|DEBUG|c.t.a.m.A.selectList-==>  Preparing: SELECT id,start_time,end_time,address,recruiting,recruited,act_chi_id,act_id,vol_time FROM activity_times WHERE (act_chi_id = ? AND act_id = ?)
2022-03-12 18:29:40.220|[scheduling-1]|DEBUG|c.t.a.m.A.selectList-==> Parameters: 20(Integer), 21(Integer)
2022-03-12 18:29:40.258|[scheduling-1]|DEBUG|c.t.a.m.A.selectList-<==      Total: 0
2022-03-12 18:29:40.260|[scheduling-1]|DEBUG|c.t.a.m.A.selectChild-==>  Preparing: select *from activity_child where activity_id = ?;
2022-03-12 18:29:40.260|[scheduling-1]|DEBUG|c.t.a.m.A.selectChild-==> Parameters: 20(Integer)
2022-03-12 18:29:40.298|[scheduling-1]|DEBUG|c.t.a.m.A.selectChild-<==      Total: 1
2022-03-12 18:29:40.299|[scheduling-1]|DEBUG|c.t.a.m.A.selectList-==>  Preparing: SELECT id,start_time,end_time,address,recruiting,recruited,act_chi_id,act_id,vol_time FROM activity_times WHERE (act_chi_id = ? AND act_id = ?)
2022-03-12 18:29:40.299|[scheduling-1]|DEBUG|c.t.a.m.A.selectList-==> Parameters: 19(Integer), 20(Integer)
2022-03-12 18:29:40.344|[scheduling-1]|DEBUG|c.t.a.m.A.selectList-<==      Total: 0
2022-03-12 18:29:40.347|[scheduling-1]|DEBUG|c.t.a.m.A.selectChild-==>  Preparing: select *from activity_child where activity_id = ?;
2022-03-12 18:29:40.347|[scheduling-1]|DEBUG|c.t.a.m.A.selectChild-==> Parameters: 19(Integer)
2022-03-12 18:29:40.396|[scheduling-1]|DEBUG|c.t.a.m.A.selectChild-<==      Total: 1
2022-03-12 18:29:40.397|[scheduling-1]|DEBUG|c.t.a.m.A.selectList-==>  Preparing: SELECT id,start_time,end_time,address,recruiting,recruited,act_chi_id,act_id,vol_time FROM activity_times WHERE (act_chi_id = ? AND act_id = ?)
2022-03-12 18:29:40.397|[scheduling-1]|DEBUG|c.t.a.m.A.selectList-==> Parameters: 18(Integer), 19(Integer)
2022-03-12 18:29:40.451|[scheduling-1]|DEBUG|c.t.a.m.A.selectList-<==      Total: 0
2022-03-12 18:29:40.453|[scheduling-1]|DEBUG|c.t.a.m.A.selectChild-==>  Preparing: select *from activity_child where activity_id = ?;
2022-03-12 18:29:40.453|[scheduling-1]|DEBUG|c.t.a.m.A.selectChild-==> Parameters: 18(Integer)
2022-03-12 18:29:40.518|[scheduling-1]|DEBUG|c.t.a.m.A.selectChild-<==      Total: 1
2022-03-12 18:29:40.519|[scheduling-1]|DEBUG|c.t.a.m.A.selectList-==>  Preparing: SELECT id,start_time,end_time,address,recruiting,recruited,act_chi_id,act_id,vol_time FROM activity_times WHERE (act_chi_id = ? AND act_id = ?)
2022-03-12 18:29:40.519|[scheduling-1]|DEBUG|c.t.a.m.A.selectList-==> Parameters: 17(Integer), 18(Integer)
2022-03-12 18:29:40.556|[scheduling-1]|DEBUG|c.t.a.m.A.selectList-<==      Total: 0
2022-03-12 18:29:40.558|[scheduling-1]|DEBUG|c.t.a.m.A.selectChild-==>  Preparing: select *from activity_child where activity_id = ?;
2022-03-12 18:29:40.559|[scheduling-1]|DEBUG|c.t.a.m.A.selectChild-==> Parameters: 17(Integer)
2022-03-12 18:29:40.596|[scheduling-1]|DEBUG|c.t.a.m.A.selectChild-<==      Total: 1
2022-03-12 18:29:40.598|[scheduling-1]|DEBUG|c.t.a.m.A.selectList-==>  Preparing: SELECT id,start_time,end_time,address,recruiting,recruited,act_chi_id,act_id,vol_time FROM activity_times WHERE (act_chi_id = ? AND act_id = ?)
2022-03-12 18:29:40.598|[scheduling-1]|DEBUG|c.t.a.m.A.selectList-==> Parameters: 16(Integer), 17(Integer)
2022-03-12 18:29:40.636|[scheduling-1]|DEBUG|c.t.a.m.A.selectList-<==      Total: 0
2022-03-12 18:29:40.638|[scheduling-1]|DEBUG|c.t.a.m.A.selectChild-==>  Preparing: select *from activity_child where activity_id = ?;
2022-03-12 18:29:40.638|[scheduling-1]|DEBUG|c.t.a.m.A.selectChild-==> Parameters: 16(Integer)
2022-03-12 18:29:40.676|[scheduling-1]|DEBUG|c.t.a.m.A.selectChild-<==      Total: 1
2022-03-12 18:29:40.677|[scheduling-1]|DEBUG|c.t.a.m.A.selectList-==>  Preparing: SELECT id,start_time,end_time,address,recruiting,recruited,act_chi_id,act_id,vol_time FROM activity_times WHERE (act_chi_id = ? AND act_id = ?)
2022-03-12 18:29:40.677|[scheduling-1]|DEBUG|c.t.a.m.A.selectList-==> Parameters: 15(Integer), 16(Integer)
2022-03-12 18:29:40.714|[scheduling-1]|DEBUG|c.t.a.m.A.selectList-<==      Total: 0
2022-03-12 18:29:40.717|[scheduling-1]|DEBUG|c.t.a.m.A.selectChild-==>  Preparing: select *from activity_child where activity_id = ?;
2022-03-12 18:29:40.717|[scheduling-1]|DEBUG|c.t.a.m.A.selectChild-==> Parameters: 15(Integer)
2022-03-12 18:29:40.755|[scheduling-1]|DEBUG|c.t.a.m.A.selectChild-<==      Total: 1
2022-03-12 18:29:40.756|[scheduling-1]|DEBUG|c.t.a.m.A.selectList-==>  Preparing: SELECT id,start_time,end_time,address,recruiting,recruited,act_chi_id,act_id,vol_time FROM activity_times WHERE (act_chi_id = ? AND act_id = ?)
2022-03-12 18:29:40.757|[scheduling-1]|DEBUG|c.t.a.m.A.selectList-==> Parameters: 14(Integer), 15(Integer)
2022-03-12 18:29:40.794|[scheduling-1]|DEBUG|c.t.a.m.A.selectList-<==      Total: 0
2022-03-12 18:29:40.796|[scheduling-1]|DEBUG|c.t.a.m.A.selectChild-==>  Preparing: select *from activity_child where activity_id = ?;
2022-03-12 18:29:40.796|[scheduling-1]|DEBUG|c.t.a.m.A.selectChild-==> Parameters: 14(Integer)
2022-03-12 18:29:40.834|[scheduling-1]|DEBUG|c.t.a.m.A.selectChild-<==      Total: 1
2022-03-12 18:29:40.835|[scheduling-1]|DEBUG|c.t.a.m.A.selectList-==>  Preparing: SELECT id,start_time,end_time,address,recruiting,recruited,act_chi_id,act_id,vol_time FROM activity_times WHERE (act_chi_id = ? AND act_id = ?)
2022-03-12 18:29:40.836|[scheduling-1]|DEBUG|c.t.a.m.A.selectList-==> Parameters: 13(Integer), 14(Integer)
2022-03-12 18:29:40.885|[scheduling-1]|DEBUG|c.t.a.m.A.selectList-<==      Total: 0
2022-03-12 18:29:40.887|[scheduling-1]|DEBUG|c.t.a.m.A.selectChild-==>  Preparing: select *from activity_child where activity_id = ?;
2022-03-12 18:29:40.888|[scheduling-1]|DEBUG|c.t.a.m.A.selectChild-==> Parameters: 13(Integer)
2022-03-12 18:29:40.927|[scheduling-1]|DEBUG|c.t.a.m.A.selectChild-<==      Total: 0
2022-03-12 18:29:40.930|[scheduling-1]|DEBUG|c.t.a.m.A.selectChild-==>  Preparing: select *from activity_child where activity_id = ?;
2022-03-12 18:29:40.930|[scheduling-1]|DEBUG|c.t.a.m.A.selectChild-==> Parameters: 12(Integer)
2022-03-12 18:29:40.968|[scheduling-1]|DEBUG|c.t.a.m.A.selectChild-<==      Total: 0
2022-03-12 18:29:40.970|[scheduling-1]|DEBUG|c.t.a.m.A.selectChild-==>  Preparing: select *from activity_child where activity_id = ?;
2022-03-12 18:29:40.970|[scheduling-1]|DEBUG|c.t.a.m.A.selectChild-==> Parameters: 11(Integer)
2022-03-12 18:29:41.006|[scheduling-1]|DEBUG|c.t.a.m.A.selectChild-<==      Total: 3
2022-03-12 18:29:41.008|[scheduling-1]|DEBUG|c.t.a.m.A.selectList-==>  Preparing: SELECT id,start_time,end_time,address,recruiting,recruited,act_chi_id,act_id,vol_time FROM activity_times WHERE (act_chi_id = ? AND act_id = ?)
2022-03-12 18:29:41.008|[scheduling-1]|DEBUG|c.t.a.m.A.selectList-==> Parameters: 10(Integer), 11(Integer)
2022-03-12 18:29:41.047|[scheduling-1]|DEBUG|c.t.a.m.A.selectList-<==      Total: 2
2022-03-12 18:29:41.048|[scheduling-1]|DEBUG|c.t.a.m.A.selectList-==>  Preparing: SELECT id,start_time,end_time,address,recruiting,recruited,act_chi_id,act_id,vol_time FROM activity_times WHERE (act_chi_id = ? AND act_id = ?)
2022-03-12 18:29:41.048|[scheduling-1]|DEBUG|c.t.a.m.A.selectList-==> Parameters: 11(Integer), 11(Integer)
2022-03-12 18:29:41.092|[scheduling-1]|DEBUG|c.t.a.m.A.selectList-<==      Total: 2
2022-03-12 18:29:41.093|[scheduling-1]|DEBUG|c.t.a.m.A.selectList-==>  Preparing: SELECT id,start_time,end_time,address,recruiting,recruited,act_chi_id,act_id,vol_time FROM activity_times WHERE (act_chi_id = ? AND act_id = ?)
2022-03-12 18:29:41.093|[scheduling-1]|DEBUG|c.t.a.m.A.selectList-==> Parameters: 12(Integer), 11(Integer)
2022-03-12 18:29:41.130|[scheduling-1]|DEBUG|c.t.a.m.A.selectList-<==      Total: 1
2022-03-12 18:45:42.483|[main]|DEBUG|com.torch.app.AppApplication-Running with Spring Boot v2.5.5, Spring v5.3.10
2022-03-12 18:51:36.776|[main]|DEBUG|com.torch.app.AppApplication-Running with Spring Boot v2.5.5, Spring v5.3.10
